<?xml version="1.0" encoding="UTF-8"?>
<!-- Generated by org.testng.reporters.JUnitReportReporter -->
<testsuite hostname="DESKTOP-ARGQRMQ" failures="0" tests="3" name="com.qspider.vtiger.com.test.cases.TC001_CreateOrganization_ByExcel2" time="170.714" errors="0" timestamp="2025-02-22T10:52:16 IST" skipped="0">
  <testcase classname="com.qspider.vtiger.com.test.cases.TC001_CreateOrganization_ByExcel2" name="createOrganization" time="21.862"/>
  <testcase classname="com.qspider.vtiger.com.test.cases.TC001_CreateOrganization_ByExcel2" name="createOrganization" time="123.583"/>
  <testcase classname="com.qspider.vtiger.com.test.cases.TC001_CreateOrganization_ByExcel2" name="createOrganization" time="25.269"/>
</testsuite> <!-- com.qspider.vtiger.com.test.cases.TC001_CreateOrganization_ByExcel2 -->
