<?xml version="1.0" encoding="UTF-8"?>
<!-- Generated by org.testng.reporters.JUnitReportReporter -->
<testsuite hostname="DESKTOP-ARGQRMQ" failures="0" tests="3" name="com.qspider.vtiger.com.test.cases.TC001_CreateOrganization_By_Excel" time="146.631" errors="0" timestamp="2025-02-21T15:18:26 IST" skipped="0">
  <testcase classname="com.qspider.vtiger.com.test.cases.TC001_CreateOrganization_By_Excel" name="createOrganization" time="63.766"/>
  <testcase classname="com.qspider.vtiger.com.test.cases.TC001_CreateOrganization_By_Excel" name="createOrganization" time="41.733"/>
  <testcase classname="com.qspider.vtiger.com.test.cases.TC001_CreateOrganization_By_Excel" name="createOrganization" time="41.132"/>
</testsuite> <!-- com.qspider.vtiger.com.test.cases.TC001_CreateOrganization_By_Excel -->
