<?xml version="1.0" encoding="UTF-8"?>
<!-- Generated by org.testng.reporters.JUnitReportReporter -->
<testsuite hostname="DESKTOP-ARGQRMQ" failures="0" tests="1" name="com.qspider.vtiger.com.test.cases.Assert1" time="0.027" errors="0" timestamp="2025-02-27T16:41:56 IST" skipped="0">
  <testcase classname="com.qspider.vtiger.com.test.cases.Assert1" name="m10" time="0.027"/>
</testsuite> <!-- com.qspider.vtiger.com.test.cases.Assert1 -->
