<?xml version="1.0" encoding="UTF-8"?>
<!-- Generated by org.testng.reporters.JUnitReportReporter -->
<testsuite hostname="DESKTOP-ARGQRMQ" failures="0" tests="2" name="com.qspider.vtiger.com.test.cases.TestNG001_CreateOrganization" time="136.547" errors="0" timestamp="2025-02-27T13:48:17 IST" skipped="0">
  <testcase classname="com.qspider.vtiger.com.test.cases.TestNG001_CreateOrganization" name="testRegional" time="72.349"/>
  <testcase classname="com.qspider.vtiger.com.test.cases.TestNG001_CreateOrganization" name="TestNG001_CreateOrganization" time="64.198"/>
</testsuite> <!-- com.qspider.vtiger.com.test.cases.TestNG001_CreateOrganization -->
