<?xml version="1.0" encoding="UTF-8"?>
<!-- Generated by org.testng.reporters.JUnitReportReporter -->
<testsuite hostname="DESKTOP-ARGQRMQ" failures="0" tests="1" name="com.qspider.vtiger.com.test.cases.TestNG002_CreateProduct" time="131.535" errors="0" timestamp="2025-02-27T13:48:17 IST" skipped="0">
  <testcase classname="com.qspider.vtiger.com.test.cases.TestNG002_CreateProduct" name="TestNG002_CreateProduct" time="131.535"/>
</testsuite> <!-- com.qspider.vtiger.com.test.cases.TestNG002_CreateProduct -->
