<?xml version="1.0" encoding="UTF-8"?>
<!-- Generated by org.testng.reporters.JUnitReportReporter -->
<testsuite hostname="DESKTOP-ARGQRMQ" failures="0" tests="1" name="com.qspider.vtiger.com.test.cases.TestNG004_CreateCampaignWithProduct" time="44.461" errors="0" timestamp="2025-02-24T16:38:25 IST" skipped="0">
  <testcase classname="com.qspider.vtiger.com.test.cases.TestNG004_CreateCampaignWithProduct" name="TestNG004_CreateCampaignWithProduct" time="44.461"/>
</testsuite> <!-- com.qspider.vtiger.com.test.cases.TestNG004_CreateCampaignWithProduct -->
