<?xml version="1.0" encoding="UTF-8"?>
<!-- Generated by org.testng.reporters.JUnitReportReporter -->
<testsuite hostname="DESKTOP-ARGQRMQ" failures="0" tests="1" name="com.qspider.vtiger.com.test.cases.TestNG_CreateOrganization" time="34.284" errors="0" timestamp="2025-02-22T16:41:49 IST" skipped="0">
  <testcase classname="com.qspider.vtiger.com.test.cases.TestNG_CreateOrganization" name="TestNG_CreateOrganization" time="34.284"/>
</testsuite> <!-- com.qspider.vtiger.com.test.cases.TestNG_CreateOrganization -->
