<?xml version="1.0" encoding="UTF-8"?>
<!-- Generated by org.testng.reporters.JUnitReportReporter -->
<testsuite hostname="DESKTOP-ARGQRMQ" failures="0" tests="3" name="com.qspider.vtiger.com.test.cases.TC001_CreateOrganization_By_DP" time="133.373" errors="0" timestamp="2025-02-20T16:35:09 IST" skipped="0">
  <testcase classname="com.qspider.vtiger.com.test.cases.TC001_CreateOrganization_By_DP" name="createOrganization" time="47.796"/>
  <testcase classname="com.qspider.vtiger.com.test.cases.TC001_CreateOrganization_By_DP" name="createOrganization" time="43.108"/>
  <testcase classname="com.qspider.vtiger.com.test.cases.TC001_CreateOrganization_By_DP" name="createOrganization" time="42.469"/>
</testsuite> <!-- com.qspider.vtiger.com.test.cases.TC001_CreateOrganization_By_DP -->
