<?xml version="1.0" encoding="UTF-8"?>
<!-- Generated by org.testng.reporters.JUnitReportReporter -->
<testsuite hostname="DESKTOP-ARGQRMQ" failures="0" tests="1" name="com.qspider.vtiger.com.test.cases.TestNG005_CreateAndDeleteProduct" time="21.221" errors="0" timestamp="2025-02-22T17:12:04 IST" skipped="0">
  <testcase classname="com.qspider.vtiger.com.test.cases.TestNG005_CreateAndDeleteProduct" name="TestNG005_CreateAndDeleteProduct" time="21.221"/>
</testsuite> <!-- com.qspider.vtiger.com.test.cases.TestNG005_CreateAndDeleteProduct -->
